<?xml version="1.0" encoding="UTF-8"?>
<testng-results skipped="0" failed="0" ignored="0" total="2" passed="2">
  <reporter-output>
    <line>
      <![CDATA[11/17/2018  02:32:01 PM]]>
    </line>
    <line>
      <![CDATA[Windows 7]]>
    </line>
    <line>
      <![CDATA[Claude]]>
    </line>
    <line>
      <![CDATA[1.8]]>
    </line>
    <line>
      <![CDATA[11/17/2018  02:32:15   Lora]]>
    </line>
    <line>
      <![CDATA[11/17/2018  02:32:17   Bush]]>
    </line>
    <line>
      <![CDATA[11/17/2018  02:32:20   lorabush@yahoo.com]]>
    </line>
    <line>
      <![CDATA[11/17/2018  02:32:22   lorabush@yahoo.com]]>
    </line>
    <line>
      <![CDATA[11/17/2018  02:32:24   12345#$$$$]]>
    </line>
    <line>
      <![CDATA[11/17/2018  02:32:26   Dec]]>
    </line>
    <line>
      <![CDATA[11/17/2018  02:32:28   20]]>
    </line>
    <line>
      <![CDATA[11/17/2018  02:32:31   1988]]>
    </line>
  </reporter-output>
  <suite name="Suite" duration-ms="36456" started-at="2018-11-17T19:32:01Z" finished-at="2018-11-17T19:32:38Z">
    <groups>
    </groups>
    <test name="Facebook Sign Up Test" duration-ms="36456" started-at="2018-11-17T19:32:01Z" finished-at="2018-11-17T19:32:38Z">
      <class name="facebooksignup.FacebookSignUp">
        <test-method status="PASS" signature="setup()[pri:0, instance:facebooksignup.FacebookSignUp@724af044]" name="setup" is-config="true" duration-ms="2907" started-at="2018-11-17T19:32:01Z" finished-at="2018-11-17T19:32:04Z">
          <reporter-output>
          </reporter-output>
        </test-method> <!-- setup -->
        <test-method status="PASS" signature="machineInfo()[pri:0, instance:facebooksignup.FacebookSignUp@724af044]" name="machineInfo" duration-ms="0" started-at="2018-11-17T19:32:04Z" finished-at="2018-11-17T19:32:04Z">
          <reporter-output>
            <line>
              <![CDATA[11/17/2018  02:32:01 PM]]>
            </line>
            <line>
              <![CDATA[Windows 7]]>
            </line>
            <line>
              <![CDATA[Claude]]>
            </line>
            <line>
              <![CDATA[1.8]]>
            </line>
          </reporter-output>
        </test-method> <!-- machineInfo -->
        <test-method status="PASS" signature="signup()[pri:1, instance:facebooksignup.FacebookSignUp@724af044]" name="signup" duration-ms="31389" started-at="2018-11-17T19:32:04Z" finished-at="2018-11-17T19:32:36Z">
          <reporter-output>
            <line>
              <![CDATA[11/17/2018  02:32:15   Lora]]>
            </line>
            <line>
              <![CDATA[11/17/2018  02:32:17   Bush]]>
            </line>
            <line>
              <![CDATA[11/17/2018  02:32:20   lorabush@yahoo.com]]>
            </line>
            <line>
              <![CDATA[11/17/2018  02:32:22   lorabush@yahoo.com]]>
            </line>
            <line>
              <![CDATA[11/17/2018  02:32:24   12345#$$$$]]>
            </line>
            <line>
              <![CDATA[11/17/2018  02:32:26   Dec]]>
            </line>
            <line>
              <![CDATA[11/17/2018  02:32:28   20]]>
            </line>
            <line>
              <![CDATA[11/17/2018  02:32:31   1988]]>
            </line>
          </reporter-output>
        </test-method> <!-- signup -->
        <test-method status="PASS" signature="closeBrowser()[pri:0, instance:facebooksignup.FacebookSignUp@724af044]" name="closeBrowser" is-config="true" duration-ms="2129" started-at="2018-11-17T19:32:36Z" finished-at="2018-11-17T19:32:38Z">
          <reporter-output>
          </reporter-output>
        </test-method> <!-- closeBrowser -->
      </class> <!-- facebooksignup.FacebookSignUp -->
    </test> <!-- Facebook Sign Up Test -->
  </suite> <!-- Suite -->
</testng-results>
