<?xml version="1.0" encoding="UTF-8"?>
<testng-results skipped="0" failed="0" ignored="0" total="1" passed="1">
  <reporter-output>
    <line>
      <![CDATA[01/05/2019  02:47:48 PM]]>
    </line>
    <line>
      <![CDATA[Windows 7]]>
    </line>
    <line>
      <![CDATA[Claude]]>
    </line>
    <line>
      <![CDATA[1.8]]>
    </line>
    <line>
      <![CDATA[01/05/2019  02:49:31   Lora]]>
    </line>
    <line>
      <![CDATA[01/05/2019  02:49:33   Bush]]>
    </line>
    <line>
      <![CDATA[01/05/2019  02:49:35   lorabush@yahoo.com]]>
    </line>
    <line>
      <![CDATA[01/05/2019  02:49:38   lorabush@yahoo.com]]>
    </line>
    <line>
      <![CDATA[01/05/2019  02:49:40   12345#$$$$]]>
    </line>
    <line>
      <![CDATA[01/05/2019  02:49:42   Dec]]>
    </line>
    <line>
      <![CDATA[01/05/2019  02:49:44   20]]>
    </line>
    <line>
      <![CDATA[01/05/2019  02:49:46   1988]]>
    </line>
  </reporter-output>
  <suite name="Surefire suite" duration-ms="125506" started-at="2019-01-05T19:47:48Z" finished-at="2019-01-05T19:49:53Z">
    <groups>
    </groups>
    <test name="Surefire test" duration-ms="125506" started-at="2019-01-05T19:47:48Z" finished-at="2019-01-05T19:49:53Z">
      <class name="com.devops1.DevopsStudy.AppTest">
        <test-method status="PASS" signature="setUp()[pri:0, instance:com.devops1.DevopsStudy.AppTest@4157f54e]" name="setUp" is-config="true" duration-ms="45441" started-at="2019-01-05T19:47:48Z" finished-at="2019-01-05T19:48:33Z">
          <reporter-output>
            <line>
              <![CDATA[01/05/2019  02:47:48 PM]]>
            </line>
            <line>
              <![CDATA[Windows 7]]>
            </line>
            <line>
              <![CDATA[Claude]]>
            </line>
            <line>
              <![CDATA[1.8]]>
            </line>
          </reporter-output>
        </test-method> <!-- setUp -->
        <test-method status="PASS" signature="signUp()[pri:0, instance:com.devops1.DevopsStudy.AppTest@4157f54e]" name="signUp" duration-ms="77903" started-at="2019-01-05T19:48:33Z" finished-at="2019-01-05T19:49:51Z">
          <reporter-output>
            <line>
              <![CDATA[01/05/2019  02:49:31   Lora]]>
            </line>
            <line>
              <![CDATA[01/05/2019  02:49:33   Bush]]>
            </line>
            <line>
              <![CDATA[01/05/2019  02:49:35   lorabush@yahoo.com]]>
            </line>
            <line>
              <![CDATA[01/05/2019  02:49:38   lorabush@yahoo.com]]>
            </line>
            <line>
              <![CDATA[01/05/2019  02:49:40   12345#$$$$]]>
            </line>
            <line>
              <![CDATA[01/05/2019  02:49:42   Dec]]>
            </line>
            <line>
              <![CDATA[01/05/2019  02:49:44   20]]>
            </line>
            <line>
              <![CDATA[01/05/2019  02:49:46   1988]]>
            </line>
          </reporter-output>
        </test-method> <!-- signUp -->
        <test-method status="PASS" signature="tearDown()[pri:0, instance:com.devops1.DevopsStudy.AppTest@4157f54e]" name="tearDown" is-config="true" duration-ms="2146" started-at="2019-01-05T19:49:51Z" finished-at="2019-01-05T19:49:53Z">
          <reporter-output>
          </reporter-output>
        </test-method> <!-- tearDown -->
      </class> <!-- com.devops1.DevopsStudy.AppTest -->
    </test> <!-- Surefire test -->
  </suite> <!-- Surefire suite -->
</testng-results>
